[rawcdn.githack.com/lioxryt/lioxryt-assets/a4041fc9b45936f148d3d7134977d5df4329e237/other/slope/index.html]
[raw.githack.com/img/newlogo.2.delayed]
[rawcdn.githack.com/lioxryt/lioxryt-assets/a4041fc9b45936f148d3d7134977d5df4329e237/other/slope/TemplateData/style.css]
[rawcdn.githack.com/lioxryt/lioxryt-assets/a4041fc9b45936f148d3d7134977d5df4329e237/other/slope/TemplateData/UnityProgress.js]
[backblue.gif]
[fade.gif]
[index.html]
[rawcdn.githack.com/lioxryt/lioxryt-assets/a4041fc9b45936f148d3d7134977d5df4329e237/other/slope/TemplateData/unityloader41.js]
[rawcdn.githack.com/lioxryt/lioxryt-assets/a4041fc9b45936f148d3d7134977d5df4329e237/other/slope/index.html]
[raw.githack.com/img/newlogo.html]
[raw.githubusercontent.com/lioxryt/lioxryt-assets/a4041fc9b45936f148d3d7134977d5df4329e237/other/slope/TemplateData/progressLogo.Dark.png]
[raw.githubusercontent.com/lioxryt/lioxryt-assets/a4041fc9b45936f148d3d7134977d5df4329e237/other/slope/TemplateData/progressEmpty.Dark.png]
[raw.githubusercontent.com/lioxryt/lioxryt-assets/a4041fc9b45936f148d3d7134977d5df4329e237/other/slope/TemplateData/progressFull.Dark.png]
[rawcdn.githack.com/lioxryt/lioxryt-assets/a4041fc9b45936f148d3d7134977d5df4329e237/other/slope/TemplateData/style.css]
[rawcdn.githack.com/html/settings/js/index.html]
[raw.githubusercontent.com/lioxryt/lioxryt-assets/a4041fc9b45936f148d3d7134977d5df4329e237/other/slope/TemplateData/progressLogo.Light.png]
[raw.githubusercontent.com/lioxryt/lioxryt-assets/a4041fc9b45936f148d3d7134977d5df4329e237/other/slope/TemplateData/progressEmpty.Light.png]
[raw.githubusercontent.com/lioxryt/lioxryt-assets/a4041fc9b45936f148d3d7134977d5df4329e237/other/slope/TemplateData/progressFull.Light.png]
[raw.githubusercontent.com/lioxryt/lioxryt-assets/a4041fc9b45936f148d3d7134977d5df4329e237/other/slope/TemplateData/webgl-logo.png]
[raw.githubusercontent.com/lioxryt/lioxryt-assets/a4041fc9b45936f148d3d7134977d5df4329e237/other/slope/TemplateData/fullscreen.png]
